<?xml version="1.0" encoding="UTF-8"?>
<!-- Generated by org.testng.reporters.JUnitReportReporter -->
<testsuite hostname="VAIO" failures="0" tests="3" name="api.test.EmployeeTests_DataProvider" time="4.638" errors="0" timestamp="2023-12-21T15:30:01 IST" skipped="2">
  <testcase classname="api.test.EmployeeTests_DataProvider" name="getAllEmp" time="4.638"/>
  <testcase classname="api.test.EmployeeTests_DataProvider" name="createEmp">
    <skipped/>
  </testcase> <!-- createEmp -->
  <testcase classname="api.test.EmployeeTests_DataProvider" name="deleteEmp">
    <skipped/>
  </testcase> <!-- deleteEmp -->
</testsuite> <!-- api.test.EmployeeTests_DataProvider -->
