<?xml version="1.0" encoding="UTF-8"?>
<!-- Generated by org.testng.reporters.JUnitReportReporter -->
<testsuite hostname="VAIO" failures="0" tests="2" name="api.test.EmployeeTests" time="8.166" errors="0" timestamp="2024-01-04T16:04:54 IST" skipped="1">
  <testcase classname="api.test.EmployeeTests" name="createEmp" time="8.166"/>
  <testcase classname="api.test.EmployeeTests" name="deleteEmp">
    <skipped/>
  </testcase> <!-- deleteEmp -->
</testsuite> <!-- api.test.EmployeeTests -->
