<?xml version="1.0" encoding="UTF-8"?>
<!-- Generated by org.testng.reporters.JUnitReportReporter -->
<testsuite hostname="VAIO" failures="0" tests="2" name="api.test.EmployeeTests" time="4.584" errors="0" timestamp="2023-12-21T19:53:13 IST" skipped="1">
  <testcase classname="api.test.EmployeeTests" name="getAllEmp" time="4.584">
    <system-out>
      <![CDATA[Status code : 200]]>
    </system-out>
  </testcase> <!-- getAllEmp -->
  <testcase classname="api.test.EmployeeTests" name="deleteEmp">
    <skipped/>
  </testcase> <!-- deleteEmp -->
  <system-out>
    <![CDATA[Status code : 200]]>
  </system-out>
</testsuite> <!-- api.test.EmployeeTests -->
