<?xml version="1.0" encoding="UTF-8"?>
<!-- Generated by org.testng.reporters.JUnitReportReporter -->
<testsuite hostname="VAIO" failures="0" tests="5" name="api.test.EmployeeTests_DataProvider" time="10.018" errors="0" timestamp="2023-12-21T15:29:29 IST" skipped="2">
  <testcase classname="api.test.EmployeeTests_DataProvider" name="getAllEmp" time="6.496"/>
  <testcase classname="api.test.EmployeeTests_DataProvider" name="getEmp" time="1.155"/>
  <testcase classname="api.test.EmployeeTests_DataProvider" name="updateEmp" time="2.367"/>
  <testcase classname="api.test.EmployeeTests_DataProvider" name="createEmp">
    <skipped/>
  </testcase> <!-- createEmp -->
  <testcase classname="api.test.EmployeeTests_DataProvider" name="deleteEmp">
    <skipped/>
  </testcase> <!-- deleteEmp -->
</testsuite> <!-- api.test.EmployeeTests_DataProvider -->
